<?xml version="1.0" encoding="UTF-8" ?>
<testsuite tests="9" failures="0" name="runner.Testrunner" time="75.717" errors="0" skipped="0">
  <properties>
[...]
</properties>
  <testcase classname="update Booking API #1" name="Test to verify PATCH partial update booking works fine" time="13.816"/>
  <testcase classname="update Booking API #2" name="Test to verify PUT update booking API works fine" time="10.208"/>
  <testcase classname="Create Booking API" name="Test to verify create Booking API works fine" time="6.853"/>
  <testcase classname="Create Booking API" name="Test to verify create Booking API works fine with data created at run time" time="6.665"/>
  <testcase classname="Delete Booking API" name="Test to verify delete booking API works fine" time="6.752"/>
  <testcase classname="Delete Booking API" name="Test to verify delete booking API for non existing Booking ID" time="10.955"/>
  <testcase classname="Get bookingAPI" name="Test to verify get booking by id works fine" time="8.287"/>
  <testcase classname="Get bookings" name="Test to verify get bookings all ids" time="3.788"/>
  <testcase classname="Get bookings" name="Test to verify get bookings" time="8.393"/>
</testsuite>