<?xml version="1.0" encoding="UTF-8" ?>
<testsuite tests="10" failures="1" name="runner.Testrunner" time="89.068" errors="0" skipped="0">
  <properties>
[...]
</properties>
  <testcase classname="update Booking API #1" name="Test to verify PATCH partial update booking works fine" time="14.749"/>
  <testcase classname="update Booking API #2" name="Test to verify PUT update booking API works fine" time="10.888"/>
  <testcase classname="Create Booking API" name="Test to verify create Booking API works fine" time="7.229"/>
  <testcase classname="Create Booking API" name="Test to verify create Booking API works fine with data created at run time" time="7.883"/>
  <testcase classname="Delete Booking API" name="Test to verify delete booking API works fine" time="7.747"/>
  <testcase classname="Delete Booking API" name="Test to verify delete booking API for non existing Booking ID" time="10.547"/>
  <testcase classname="Get bookingAPI" name="Test to verify get booking by id works fine" time="9.885"/>
  <testcase classname="Get bookings" name="Test to verify get bookings all ids" time="5.88"/>
  <testcase classname="Get bookings" name="Test to verify get bookings" time="8.922"/>
  <testcase classname="Get bookings" name="Test to verify get bookings filter by checkin checkout" time="5.338">
    <failure type="java.lang.AssertionError">java.lang.AssertionError
	at org.junit.Assert.fail(Assert.java:87)
	at org.junit.Assert.assertTrue(Assert.java:42)
	at org.junit.Assert.assertTrue(Assert.java:53)
	at stepDefinations.getBookings.validate_booking_id_is_present_in_response(getBookings.java:48)
	at ✽.validate booking id is present in response(file:///C:/Users/Lenovo/eclipse-workspace/test-hotel-booking/src/test/resources/features/API_tests/getBookings.feature:60)
</failure>
    <system-out>
@getBookings @Regression @qa
Scenario: Test to verify get bookings filter by checkin checkout &amp;#27;[90m# src/test/resources/features/API_tests/getBookings.feature:41&amp;#27;[0m
Created
  &amp;#27;[32mGiven &amp;#27;[0m&amp;#27;[32mBooking service is up and running&amp;#27;[0m                        &amp;#27;[90m# stepDefinations.common.booking_service_is_up_and_running()&amp;#27;[0m
  &amp;#27;[32mAnd &amp;#27;[0m&amp;#27;[32mPrepare request header and request body&amp;#27;[0m                    &amp;#27;[90m# stepDefinations.common.prepare_request_header_and_request_body(io.cucumber.datatable.DataTable)&amp;#27;[0m
    | key          | value            |
    | Content-Type | application/json |
    | Accept       | application/json |
Header value is set as{Accept=application/json, Content-Type=application/json}
{firstname=testuser1, additionalneeds=Breakfast, bookingdates={checkin=2021-07-01, checkout=2021-07-02}, totalprice=111, depositpaid=true, lastname=sur1}
{&quot;bookingid&quot;:27764,&quot;booking&quot;:{&quot;firstname&quot;:&quot;testuser1&quot;,&quot;lastname&quot;:&quot;sur1&quot;,&quot;totalprice&quot;:111,&quot;depositpaid&quot;:true,&quot;bookingdates&quot;:{&quot;checkin&quot;:&quot;2021-07-01&quot;,&quot;checkout&quot;:&quot;2021-07-02&quot;},&quot;additionalneeds&quot;:&quot;Breakfast&quot;}}
  &amp;#27;[32mWhen &amp;#27;[0m&amp;#27;[32mcreate booking API is called with data&amp;#27;[0m                    &amp;#27;[90m# stepDefinations.createBooking.create_booking_api_is_called(io.cucumber.datatable.DataTable)&amp;#27;[0m
    | Key             | value     |
    | firstname       | testuser1 |
    | lastname        | sur1      |
    | totalprice      | 111       |
    | depositpaid     | true      |
    | additionalneeds | Breakfast |
  &amp;#27;[32mThen &amp;#27;[0m&amp;#27;[32mvalidate response code is &amp;#27;[0m&amp;#27;[32m&amp;#27;[1m200&amp;#27;[0m                             &amp;#27;[90m# stepDefinations.common.validate_response_code_is(int)&amp;#27;[0m
{checkin=2021-07-01, checkout=2021-07-02}
queryparam value is set as{checkin=2021-07-01, checkout=2021-07-02}
header value is set as{Accept=application/json, Content-Type=application/json}
oooo{checkin=2021-07-01, checkout=2021-07-02}
[{&quot;bookingid&quot;:22643},{&quot;bookingid&quot;:25278},{&quot;bookingid&quot;:25280},{&quot;bookingid&quot;:18719},{&quot;bookingid&quot;:24182},{&quot;bookingid&quot;:25281},{&quot;bookingid&quot;:15153},{&quot;bookingid&quot;:15217},{&quot;bookingid&quot;:22762},{&quot;bookingid&quot;:25279},{&quot;bookingid&quot;:24189},{&quot;bookingid&quot;:529},{&quot;bookingid&quot;:25318},{&quot;bookingid&quot;:25312},{&quot;bookingid&quot;:15213},{&quot;bookingid&quot;:15218},{&quot;bookingid&quot;:24121},{&quot;bookingid&quot;:24113},{&quot;bookingid&quot;:536},{&quot;bookingid&quot;:25314},{&quot;bookingid&quot;:509},{&quot;bookingid&quot;:521},{&quot;bookingid&quot;:24106},{&quot;bookingid&quot;:19495},{&quot;bookingid&quot;:25032},{&quot;bookingid&quot;:25313},{&quot;bookingid&quot;:22657},{&quot;bookingid&quot;:24111},{&quot;bookingid&quot;:24785},{&quot;bookingid&quot;:25317},{&quot;bookingid&quot;:24430},{&quot;bookingid&quot;:25276},{&quot;bookingid&quot;:24174}]
Response of get booking with filter[{&quot;bookingid&quot;:22643},{&quot;bookingid&quot;:25278},{&quot;bookingid&quot;:25280},{&quot;bookingid&quot;:18719},{&quot;bookingid&quot;:24182},{&quot;bookingid&quot;:25281},{&quot;bookingid&quot;:15153},{&quot;bookingid&quot;:15217},{&quot;bookingid&quot;:22762},{&quot;bookingid&quot;:25279},{&quot;bookingid&quot;:24189},{&quot;bookingid&quot;:529},{&quot;bookingid&quot;:25318},{&quot;bookingid&quot;:25312},{&quot;bookingid&quot;:15213},{&quot;bookingid&quot;:15218},{&quot;bookingid&quot;:24121},{&quot;bookingid&quot;:24113},{&quot;bookingid&quot;:536},{&quot;bookingid&quot;:25314},{&quot;bookingid&quot;:509},{&quot;bookingid&quot;:521},{&quot;bookingid&quot;:24106},{&quot;bookingid&quot;:19495},{&quot;bookingid&quot;:25032},{&quot;bookingid&quot;:25313},{&quot;bookingid&quot;:22657},{&quot;bookingid&quot;:24111},{&quot;bookingid&quot;:24785},{&quot;bookingid&quot;:25317},{&quot;bookingid&quot;:24430},{&quot;bookingid&quot;:25276},{&quot;bookingid&quot;:24174}]
  &amp;#27;[32mWhen &amp;#27;[0m&amp;#27;[32mget bookings API is called with filter&amp;#27;[0m                    &amp;#27;[90m# stepDefinations.getBookings.get_bookings_api_is_called_with_filter(io.cucumber.datatable.DataTable)&amp;#27;[0m
    | Key      | value      |
    | checkin  | 2021-07-01 |
    | checkout | 2021-07-02 |
  &amp;#27;[32mThen &amp;#27;[0m&amp;#27;[32mvalidate response code is &amp;#27;[0m&amp;#27;[32m&amp;#27;[1m200&amp;#27;[0m                             &amp;#27;[90m# stepDefinations.common.validate_response_code_is(int)&amp;#27;[0m
Before Assertion[{&quot;bookingid&quot;:22643},{&quot;bookingid&quot;:25278},{&quot;bookingid&quot;:25280},{&quot;bookingid&quot;:18719},{&quot;bookingid&quot;:24182},{&quot;bookingid&quot;:25281},{&quot;bookingid&quot;:15153},{&quot;bookingid&quot;:15217},{&quot;bookingid&quot;:22762},{&quot;bookingid&quot;:25279},{&quot;bookingid&quot;:24189},{&quot;bookingid&quot;:529},{&quot;bookingid&quot;:25318},{&quot;bookingid&quot;:25312},{&quot;bookingid&quot;:15213},{&quot;bookingid&quot;:15218},{&quot;bookingid&quot;:24121},{&quot;bookingid&quot;:24113},{&quot;bookingid&quot;:536},{&quot;bookingid&quot;:25314},{&quot;bookingid&quot;:509},{&quot;bookingid&quot;:521},{&quot;bookingid&quot;:24106},{&quot;bookingid&quot;:19495},{&quot;bookingid&quot;:25032},{&quot;bookingid&quot;:25313},{&quot;bookingid&quot;:22657},{&quot;bookingid&quot;:24111},{&quot;bookingid&quot;:24785},{&quot;bookingid&quot;:25317},{&quot;bookingid&quot;:24430},{&quot;bookingid&quot;:25276},{&quot;bookingid&quot;:24174}]
Before Assertion context27764
  &amp;#27;[31mThen &amp;#27;[0m&amp;#27;[31mvalidate booking id is present in response&amp;#27;[0m                &amp;#27;[90m# stepDefinations.getBookings.validate_booking_id_is_present_in_response()&amp;#27;[0m
      &amp;#27;[31mjava.lang.AssertionError
	at org.junit.Assert.fail(Assert.java:87)
	at org.junit.Assert.assertTrue(Assert.java:42)
	at org.junit.Assert.assertTrue(Assert.java:53)
	at stepDefinations.getBookings.validate_booking_id_is_present_in_response(getBookings.java:48)
	at âœ½.validate booking id is present in response(file:///C:/Users/Lenovo/eclipse-workspace/test-hotel-booking/src/test/resources/features/API_tests/getBookings.feature:60)
&amp;#27;[0m
  &amp;#27;[36mThen &amp;#27;[0m&amp;#27;[36mdelete the bookingid&amp;#27;[0m                                      &amp;#27;[90m# stepDefinations.createBooking.delete_the_bookingid()&amp;#27;[0m
  &amp;#27;[36mThen &amp;#27;[0m&amp;#27;[36mvalidate response code is &amp;#27;[0m&amp;#27;[36m&amp;#27;[1m201&amp;#27;[0m                             &amp;#27;[90m# stepDefinations.common.validate_response_code_is(int)&amp;#27;[0m
</system-out>
  </testcase>
</testsuite>